#-----------------------------------------------------------
# Vivado v2018.2 (64-bit)
# SW Build 2258646 on Thu Jun 14 20:03:12 MDT 2018
# IP Build 2256618 on Thu Jun 14 22:10:49 MDT 2018
# Start of session at: Sat Oct 18 20:41:41 2025
# Process ID: 14140
# Current directory: C:/Users/samue/AppData/Roaming/Xilinx/Vivado
# Command line: vivado.exe -gui_launcher_event rodinguilauncherevent33020
# Log file: C:/Users/samue/AppData/Roaming/Xilinx/Vivado/vivado.log
# Journal file: C:/Users/samue/AppData/Roaming/Xilinx/Vivado\vivado.jou
#-----------------------------------------------------------
start_gui
open_project C:/Users/samue/Documents/vivado/ee2026_b02_g10/FDP.xpr
Scanning sources...
Finished scanning sources
INFO: [IP_Flow 19-234] Refreshing IP repositories
INFO: [IP_Flow 19-1704] No user IP repositories specified
INFO: [IP_Flow 19-2313] Loaded Vivado IP repository 'C:/Xilinx/Vivado/2018.2/data/ip'.
archive_project C:/Users/samue/Documents/vivado/assistance_export.xpr.zip -temp_dir C:/Users/samue/AppData/Roaming/Xilinx/Vivado/.Xil/Vivado-14140-dorn_pc -force -include_local_ip_cache -include_config_settings
INFO: [Coretcl 2-137] starting archive...
INFO: [Coretcl 2-1499] Saving project copy to temporary location 'C:/Users/samue/AppData/Roaming/Xilinx/Vivado/.Xil/Vivado-14140-dorn_pc' for archiving project
Scanning sources...
Finished scanning sources
INFO: [Coretcl 2-1211] Creating project copy for archival...
INFO: [Coretcl 2-1213] Including run results for 'synth_1'
INFO: [Coretcl 2-1213] Including run results for 'impl_1'
