#-----------------------------------------------------------
# Vivado v2018.2 (64-bit)
# SW Build 2258646 on Thu Jun 14 20:03:12 MDT 2018
# IP Build 2256618 on Thu Jun 14 22:10:49 MDT 2018
# Start of session at: Thu Oct 23 12:19:17 2025
# Process ID: 28440
# Current directory: C:/Users/vkshe/Downloads/Telegram Desktop/included_akshay_game.xpr/FDP
# Command line: vivado.exe -gui_launcher_event rodinguilauncherevent4792 C:\Users\vkshe\Downloads\Telegram Desktop\included_akshay_game.xpr\FDP\FDP.xpr
# Log file: C:/Users/vkshe/Downloads/Telegram Desktop/included_akshay_game.xpr/FDP/vivado.log
# Journal file: C:/Users/vkshe/Downloads/Telegram Desktop/included_akshay_game.xpr/FDP\vivado.jou
#-----------------------------------------------------------
start_gui
open_project {C:/Users/vkshe/Downloads/Telegram Desktop/included_akshay_game.xpr/FDP/FDP.xpr}
Scanning sources...
Finished scanning sources
WARNING: [filemgmt 56-3] IPUserFilesDir: Could not find the directory 'C:/Users/vkshe/Downloads/Telegram Desktop/included_akshay_game.xpr/FDP/FDP.ip_user_files'.
INFO: [IP_Flow 19-234] Refreshing IP repositories
INFO: [IP_Flow 19-1704] No user IP repositories specified
INFO: [IP_Flow 19-2313] Loaded Vivado IP repository 'C:/Xilinx/Vivado/2018.2/data/ip'.
exit
INFO: [Common 17-206] Exiting Vivado at Thu Oct 23 12:21:11 2025...
