#-----------------------------------------------------------
# Vivado v2018.2 (64-bit)
# SW Build 2258646 on Thu Jun 14 20:03:12 MDT 2018
# IP Build 2256618 on Thu Jun 14 22:10:49 MDT 2018
# Start of session at: Wed Oct  1 19:20:54 2025
# Process ID: 14224
# Current directory: C:/Users/sarav/EE2026_LABS/TASK_S_WEEK7.xpr/FDP
# Command line: vivado.exe -gui_launcher_event rodinguilauncherevent25704 C:\Users\sarav\EE2026_LABS\TASK_S_WEEK7.xpr\FDP\FDP.xpr
# Log file: C:/Users/sarav/EE2026_LABS/TASK_S_WEEK7.xpr/FDP/vivado.log
# Journal file: C:/Users/sarav/EE2026_LABS/TASK_S_WEEK7.xpr/FDP\vivado.jou
#-----------------------------------------------------------
start_gui
open_project C:/Users/sarav/EE2026_LABS/TASK_S_WEEK7.xpr/FDP/FDP.xpr
Scanning sources...
Finished scanning sources
INFO: [IP_Flow 19-234] Refreshing IP repositories
INFO: [IP_Flow 19-1704] No user IP repositories specified
INFO: [IP_Flow 19-2313] Loaded Vivado IP repository 'C:/Xilinx/Vivado/2018.2/data/ip'.
WARNING: [IP_Flow 19-3664] IP 'blk_mem_gen_const' generated file not found 'c:/Users/sarav/EE2026_LABS/TASK_S_WEEK7.xpr/FDP/FDP.srcs/sources_1/ip/blk_mem_gen_const/blk_mem_gen_const.dcp'. Please regenerate to continue.
WARNING: [IP_Flow 19-3664] IP 'blk_mem_gen_const' generated file not found 'c:/Users/sarav/EE2026_LABS/TASK_S_WEEK7.xpr/FDP/FDP.srcs/sources_1/ip/blk_mem_gen_const/blk_mem_gen_const_stub.v'. Please regenerate to continue.
WARNING: [IP_Flow 19-3664] IP 'blk_mem_gen_const' generated file not found 'c:/Users/sarav/EE2026_LABS/TASK_S_WEEK7.xpr/FDP/FDP.srcs/sources_1/ip/blk_mem_gen_const/blk_mem_gen_const_stub.vhdl'. Please regenerate to continue.
WARNING: [IP_Flow 19-3664] IP 'blk_mem_gen_const' generated file not found 'c:/Users/sarav/EE2026_LABS/TASK_S_WEEK7.xpr/FDP/FDP.srcs/sources_1/ip/blk_mem_gen_const/blk_mem_gen_const_sim_netlist.v'. Please regenerate to continue.
WARNING: [IP_Flow 19-3664] IP 'blk_mem_gen_const' generated file not found 'c:/Users/sarav/EE2026_LABS/TASK_S_WEEK7.xpr/FDP/FDP.srcs/sources_1/ip/blk_mem_gen_const/blk_mem_gen_const_sim_netlist.vhdl'. Please regenerate to continue.
WARNING: [IP_Flow 19-3664] IP 'blk_mem_gen_img' generated file not found 'c:/Users/sarav/EE2026_LABS/TASK_S_WEEK7.xpr/FDP/FDP.srcs/sources_1/ip/blk_mem_gen_img/blk_mem_gen_img.dcp'. Please regenerate to continue.
WARNING: [IP_Flow 19-3664] IP 'blk_mem_gen_img' generated file not found 'c:/Users/sarav/EE2026_LABS/TASK_S_WEEK7.xpr/FDP/FDP.srcs/sources_1/ip/blk_mem_gen_img/blk_mem_gen_img_stub.v'. Please regenerate to continue.
WARNING: [IP_Flow 19-3664] IP 'blk_mem_gen_img' generated file not found 'c:/Users/sarav/EE2026_LABS/TASK_S_WEEK7.xpr/FDP/FDP.srcs/sources_1/ip/blk_mem_gen_img/blk_mem_gen_img_stub.vhdl'. Please regenerate to continue.
WARNING: [IP_Flow 19-3664] IP 'blk_mem_gen_img' generated file not found 'c:/Users/sarav/EE2026_LABS/TASK_S_WEEK7.xpr/FDP/FDP.srcs/sources_1/ip/blk_mem_gen_img/blk_mem_gen_img_sim_netlist.v'. Please regenerate to continue.
WARNING: [IP_Flow 19-3664] IP 'blk_mem_gen_img' generated file not found 'c:/Users/sarav/EE2026_LABS/TASK_S_WEEK7.xpr/FDP/FDP.srcs/sources_1/ip/blk_mem_gen_img/blk_mem_gen_img_sim_netlist.vhdl'. Please regenerate to continue.
open_project: Time (s): cpu = 00:00:12 ; elapsed = 00:00:06 . Memory (MB): peak = 898.605 ; gain = 135.125
update_compile_order -fileset sources_1
open_hw
connect_hw_server
INFO: [Labtools 27-2285] Connecting to hw_server url TCP:localhost:3121
INFO: [Labtools 27-2222] Launching hw_server...
INFO: [Labtools 27-2221] Launch Output:

****** Xilinx hw_server v2018.2
  **** Build date : Jun 14 2018-20:42:52
    ** Copyright 1986-2018 Xilinx, Inc. All Rights Reserved.


open_hw_target
INFO: [Labtoolstcl 44-466] Opening hw_target localhost:3121/xilinx_tcf/Digilent/210183BB3EA9A
set_property PROGRAM.FILE {C:/Users/sarav/EE2026_LABS/TASK_S_WEEK7.xpr/FDP/FDP.runs/impl_1/Top_Student.bit} [get_hw_devices xc7a35t_0]
current_hw_device [get_hw_devices xc7a35t_0]
refresh_hw_device -update_hw_probes false [lindex [get_hw_devices xc7a35t_0] 0]
INFO: [Labtools 27-1434] Device xc7a35t (JTAG device index = 0) is programmed with a design that has no supported debug core(s) in it.
WARNING: [Labtools 27-3361] The debug hub core was not detected.
Resolution: 
1. Make sure the clock connected to the debug hub (dbg_hub) core is a free running clock and is active.
2. Make sure the BSCAN_SWITCH_USER_MASK device property in Vivado Hardware Manager reflects the user scan chain setting in the design and refresh the device.  To determine the user scan chain setting in the design, open the implemented design and use 'get_property C_USER_SCAN_CHAIN [get_debug_cores dbg_hub]'.
For more details on setting the scan chain property, consult the Vivado Debug and Programming User Guide (UG908).
set_property PROBES.FILE {} [get_hw_devices xc7a35t_0]
set_property FULL_PROBES.FILE {} [get_hw_devices xc7a35t_0]
set_property PROGRAM.FILE {C:/Users/sarav/EE2026_LABS/TASK_S_WEEK7.xpr/FDP/FDP.runs/impl_1/Top_Student.bit} [get_hw_devices xc7a35t_0]
program_hw_devices [get_hw_devices xc7a35t_0]
INFO: [Labtools 27-3164] End of startup status: HIGH
refresh_hw_device [lindex [get_hw_devices xc7a35t_0] 0]
INFO: [Labtools 27-1434] Device xc7a35t (JTAG device index = 0) is programmed with a design that has no supported debug core(s) in it.
WARNING: [Labtools 27-3361] The debug hub core was not detected.
Resolution: 
1. Make sure the clock connected to the debug hub (dbg_hub) core is a free running clock and is active.
2. Make sure the BSCAN_SWITCH_USER_MASK device property in Vivado Hardware Manager reflects the user scan chain setting in the design and refresh the device.  To determine the user scan chain setting in the design, open the implemented design and use 'get_property C_USER_SCAN_CHAIN [get_debug_cores dbg_hub]'.
For more details on setting the scan chain property, consult the Vivado Debug and Programming User Guide (UG908).
archive_project C:/Users/sarav/EE2026_LABS/pls_work_pls.xpr.zip -temp_dir C:/Users/sarav/EE2026_LABS/TASK_S_WEEK7.xpr/FDP/.Xil/Vivado-14224-Akshay -force -include_local_ip_cache
INFO: [Coretcl 2-137] starting archive...
INFO: [Coretcl 2-1499] Saving project copy to temporary location 'C:/Users/sarav/EE2026_LABS/TASK_S_WEEK7.xpr/FDP/.Xil/Vivado-14224-Akshay' for archiving project
Scanning sources...
Finished scanning sources
INFO: [IP_Flow 19-234] Refreshing IP repositories
INFO: [IP_Flow 19-1704] No user IP repositories specified
INFO: [IP_Flow 19-2313] Loaded Vivado IP repository 'C:/Xilinx/Vivado/2018.2/data/ip'.
WARNING: [IP_Flow 19-3664] IP 'blk_mem_gen_const' generated file not found 'c:/Users/sarav/EE2026_LABS/TASK_S_WEEK7.xpr/FDP/FDP.srcs/sources_1/ip/blk_mem_gen_const/blk_mem_gen_const.dcp'. Please regenerate to continue.
WARNING: [IP_Flow 19-3664] IP 'blk_mem_gen_const' generated file not found 'c:/Users/sarav/EE2026_LABS/TASK_S_WEEK7.xpr/FDP/FDP.srcs/sources_1/ip/blk_mem_gen_const/blk_mem_gen_const_stub.v'. Please regenerate to continue.
WARNING: [IP_Flow 19-3664] IP 'blk_mem_gen_const' generated file not found 'c:/Users/sarav/EE2026_LABS/TASK_S_WEEK7.xpr/FDP/FDP.srcs/sources_1/ip/blk_mem_gen_const/blk_mem_gen_const_stub.vhdl'. Please regenerate to continue.
WARNING: [IP_Flow 19-3664] IP 'blk_mem_gen_const' generated file not found 'c:/Users/sarav/EE2026_LABS/TASK_S_WEEK7.xpr/FDP/FDP.srcs/sources_1/ip/blk_mem_gen_const/blk_mem_gen_const_sim_netlist.v'. Please regenerate to continue.
WARNING: [IP_Flow 19-3664] IP 'blk_mem_gen_const' generated file not found 'c:/Users/sarav/EE2026_LABS/TASK_S_WEEK7.xpr/FDP/FDP.srcs/sources_1/ip/blk_mem_gen_const/blk_mem_gen_const_sim_netlist.vhdl'. Please regenerate to continue.
WARNING: [IP_Flow 19-3664] IP 'blk_mem_gen_img' generated file not found 'c:/Users/sarav/EE2026_LABS/TASK_S_WEEK7.xpr/FDP/FDP.srcs/sources_1/ip/blk_mem_gen_img/blk_mem_gen_img.dcp'. Please regenerate to continue.
WARNING: [IP_Flow 19-3664] IP 'blk_mem_gen_img' generated file not found 'c:/Users/sarav/EE2026_LABS/TASK_S_WEEK7.xpr/FDP/FDP.srcs/sources_1/ip/blk_mem_gen_img/blk_mem_gen_img_stub.v'. Please regenerate to continue.
WARNING: [IP_Flow 19-3664] IP 'blk_mem_gen_img' generated file not found 'c:/Users/sarav/EE2026_LABS/TASK_S_WEEK7.xpr/FDP/FDP.srcs/sources_1/ip/blk_mem_gen_img/blk_mem_gen_img_stub.vhdl'. Please regenerate to continue.
WARNING: [IP_Flow 19-3664] IP 'blk_mem_gen_img' generated file not found 'c:/Users/sarav/EE2026_LABS/TASK_S_WEEK7.xpr/FDP/FDP.srcs/sources_1/ip/blk_mem_gen_img/blk_mem_gen_img_sim_netlist.v'. Please regenerate to continue.
WARNING: [IP_Flow 19-3664] IP 'blk_mem_gen_img' generated file not found 'c:/Users/sarav/EE2026_LABS/TASK_S_WEEK7.xpr/FDP/FDP.srcs/sources_1/ip/blk_mem_gen_img/blk_mem_gen_img_sim_netlist.vhdl'. Please regenerate to continue.
INFO: [Coretcl 2-1211] Creating project copy for archival...
INFO: [ProjectBase 1-495] The host OS only allows 260 characters in a normal path. The project is stored in a path with more than 80 characters. If you experience any problem with archiving the project, please consider setting environment variable $TEMP to a shorter path.
Current project path is 'C:/Users/sarav/EE2026_LABS/TASK_S_WEEK7.xpr/FDP/.Xil/Vivado-14224-Akshay/PrjAr/_X_'.
CRITICAL WARNING: [IP_Flow 19-4299] Failed to copy 'c:/Users/sarav/EE2026_LABS/TASK_S_WEEK7.xpr/FDP/FDP.srcs/sources_1/ip/blk_mem_gen_const/blk_mem_gen_const.dcp' to 'c:/Users/sarav/EE2026_LABS/TASK_S_WEEK7.xpr/FDP/.Xil/Vivado-14224-Akshay/PrjAr/_X_/FDP.srcs/sources_1/ip/blk_mem_gen_const/blk_mem_gen_const.dcp'
CRITICAL WARNING: [IP_Flow 19-4299] Failed to copy 'c:/Users/sarav/EE2026_LABS/TASK_S_WEEK7.xpr/FDP/FDP.srcs/sources_1/ip/blk_mem_gen_const/blk_mem_gen_const_stub.v' to 'c:/Users/sarav/EE2026_LABS/TASK_S_WEEK7.xpr/FDP/.Xil/Vivado-14224-Akshay/PrjAr/_X_/FDP.srcs/sources_1/ip/blk_mem_gen_const/blk_mem_gen_const_stub.v'
CRITICAL WARNING: [IP_Flow 19-4299] Failed to copy 'c:/Users/sarav/EE2026_LABS/TASK_S_WEEK7.xpr/FDP/FDP.srcs/sources_1/ip/blk_mem_gen_const/blk_mem_gen_const_stub.vhdl' to 'c:/Users/sarav/EE2026_LABS/TASK_S_WEEK7.xpr/FDP/.Xil/Vivado-14224-Akshay/PrjAr/_X_/FDP.srcs/sources_1/ip/blk_mem_gen_const/blk_mem_gen_const_stub.vhdl'
CRITICAL WARNING: [IP_Flow 19-4299] Failed to copy 'c:/Users/sarav/EE2026_LABS/TASK_S_WEEK7.xpr/FDP/FDP.srcs/sources_1/ip/blk_mem_gen_const/blk_mem_gen_const_sim_netlist.v' to 'c:/Users/sarav/EE2026_LABS/TASK_S_WEEK7.xpr/FDP/.Xil/Vivado-14224-Akshay/PrjAr/_X_/FDP.srcs/sources_1/ip/blk_mem_gen_const/blk_mem_gen_const_sim_netlist.v'
CRITICAL WARNING: [IP_Flow 19-4299] Failed to copy 'c:/Users/sarav/EE2026_LABS/TASK_S_WEEK7.xpr/FDP/FDP.srcs/sources_1/ip/blk_mem_gen_const/blk_mem_gen_const_sim_netlist.vhdl' to 'c:/Users/sarav/EE2026_LABS/TASK_S_WEEK7.xpr/FDP/.Xil/Vivado-14224-Akshay/PrjAr/_X_/FDP.srcs/sources_1/ip/blk_mem_gen_const/blk_mem_gen_const_sim_netlist.vhdl'
CRITICAL WARNING: [IP_Flow 19-4299] Failed to copy 'c:/Users/sarav/EE2026_LABS/TASK_S_WEEK7.xpr/FDP/FDP.srcs/sources_1/ip/blk_mem_gen_img/blk_mem_gen_img.dcp' to 'c:/Users/sarav/EE2026_LABS/TASK_S_WEEK7.xpr/FDP/.Xil/Vivado-14224-Akshay/PrjAr/_X_/FDP.srcs/sources_1/ip/blk_mem_gen_img/blk_mem_gen_img.dcp'
CRITICAL WARNING: [IP_Flow 19-4299] Failed to copy 'c:/Users/sarav/EE2026_LABS/TASK_S_WEEK7.xpr/FDP/FDP.srcs/sources_1/ip/blk_mem_gen_img/blk_mem_gen_img_stub.v' to 'c:/Users/sarav/EE2026_LABS/TASK_S_WEEK7.xpr/FDP/.Xil/Vivado-14224-Akshay/PrjAr/_X_/FDP.srcs/sources_1/ip/blk_mem_gen_img/blk_mem_gen_img_stub.v'
CRITICAL WARNING: [IP_Flow 19-4299] Failed to copy 'c:/Users/sarav/EE2026_LABS/TASK_S_WEEK7.xpr/FDP/FDP.srcs/sources_1/ip/blk_mem_gen_img/blk_mem_gen_img_stub.vhdl' to 'c:/Users/sarav/EE2026_LABS/TASK_S_WEEK7.xpr/FDP/.Xil/Vivado-14224-Akshay/PrjAr/_X_/FDP.srcs/sources_1/ip/blk_mem_gen_img/blk_mem_gen_img_stub.vhdl'
CRITICAL WARNING: [IP_Flow 19-4299] Failed to copy 'c:/Users/sarav/EE2026_LABS/TASK_S_WEEK7.xpr/FDP/FDP.srcs/sources_1/ip/blk_mem_gen_img/blk_mem_gen_img_sim_netlist.v' to 'c:/Users/sarav/EE2026_LABS/TASK_S_WEEK7.xpr/FDP/.Xil/Vivado-14224-Akshay/PrjAr/_X_/FDP.srcs/sources_1/ip/blk_mem_gen_img/blk_mem_gen_img_sim_netlist.v'
CRITICAL WARNING: [IP_Flow 19-4299] Failed to copy 'c:/Users/sarav/EE2026_LABS/TASK_S_WEEK7.xpr/FDP/FDP.srcs/sources_1/ip/blk_mem_gen_img/blk_mem_gen_img_sim_netlist.vhdl' to 'c:/Users/sarav/EE2026_LABS/TASK_S_WEEK7.xpr/FDP/.Xil/Vivado-14224-Akshay/PrjAr/_X_/FDP.srcs/sources_1/ip/blk_mem_gen_img/blk_mem_gen_img_sim_netlist.vhdl'
INFO: [Coretcl 2-1213] Including run results for 'synth_1'
INFO: [Coretcl 2-1213] Including run results for 'blk_mem_gen_const_synth_1'
INFO: [Coretcl 2-1213] Including run results for 'blk_mem_gen_img_synth_1'
INFO: [Coretcl 2-1213] Including run results for 'impl_1'
INFO: [Coretcl 2-133] re-setting run 'blk_mem_gen_const_impl_1'...
INFO: [Coretcl 2-133] re-setting run 'blk_mem_gen_img_impl_1'...
INFO: [Coretcl 2-1212] Importing remotely added design sources and verilog include files (if any)...
INFO: [filemgmt 20-334] All file(s) are already imported in fileset: 'blk_mem_gen_const'
INFO: [filemgmt 20-348] Importing the appropriate files for fileset: 'blk_mem_gen_const'
INFO: [filemgmt 20-334] All file(s) are already imported in fileset: 'blk_mem_gen_img'
INFO: [filemgmt 20-348] Importing the appropriate files for fileset: 'blk_mem_gen_img'
INFO: [filemgmt 20-334] All file(s) are already imported in fileset: 'constrs_1'
INFO: [filemgmt 20-348] Importing the appropriate files for fileset: 'constrs_1'
INFO: [filemgmt 20-348] Importing the appropriate files for fileset: 'sources_1'
