#-----------------------------------------------------------
# Vivado v2018.2 (64-bit)
# SW Build 2258646 on Thu Jun 14 20:03:12 MDT 2018
# IP Build 2256618 on Thu Jun 14 22:10:49 MDT 2018
# Start of session at: Mon Oct 20 23:03:24 2025
# Process ID: 37188
# Current directory: C:/Users/samue/Desktop/FDP.xpr/FDP
# Command line: vivado.exe -gui_launcher_event rodinguilauncherevent19252 C:\Users\samue\Desktop\FDP.xpr\FDP\FDP.xpr
# Log file: C:/Users/samue/Desktop/FDP.xpr/FDP/vivado.log
# Journal file: C:/Users/samue/Desktop/FDP.xpr/FDP\vivado.jou
#-----------------------------------------------------------
start_gui
open_project C:/Users/samue/Desktop/FDP.xpr/FDP/FDP.xpr
INFO: [Project 1-313] Project file moved from 'C:/Users/samue/Desktop/polynomial_working.xpr/FDP/.Xil/Vivado-24508-dorn_pc/PrjAr/_X_' since last save.
Scanning sources...
Finished scanning sources
INFO: [IP_Flow 19-234] Refreshing IP repositories
INFO: [IP_Flow 19-1704] No user IP repositories specified
INFO: [IP_Flow 19-2313] Loaded Vivado IP repository 'C:/Xilinx/Vivado/2018.2/data/ip'.
exit
INFO: [Common 17-206] Exiting Vivado at Mon Oct 20 23:11:53 2025...
