#-----------------------------------------------------------
# Vivado v2018.2 (64-bit)
# SW Build 2258646 on Thu Jun 14 20:03:12 MDT 2018
# IP Build 2256618 on Thu Jun 14 22:10:49 MDT 2018
# Start of session at: Thu Nov  6 15:11:55 2025
# Process ID: 16224
# Current directory: C:/Users/dorn/Desktop/working_version_ui_fixed.xpr/FDP
# Command line: vivado.exe -gui_launcher_event rodinguilauncherevent18820 C:\Users\dorn\Desktop\working_version_ui_fixed.xpr\FDP\FDP.xpr
# Log file: C:/Users/dorn/Desktop/working_version_ui_fixed.xpr/FDP/vivado.log
# Journal file: C:/Users/dorn/Desktop/working_version_ui_fixed.xpr/FDP\vivado.jou
#-----------------------------------------------------------
start_gui
open_project C:/Users/dorn/Desktop/working_version_ui_fixed.xpr/FDP/FDP.xpr
Scanning sources...
Finished scanning sources
INFO: [IP_Flow 19-234] Refreshing IP repositories
INFO: [IP_Flow 19-1704] No user IP repositories specified
INFO: [IP_Flow 19-2313] Loaded Vivado IP repository 'C:/Xilinx/Vivado/2018.2/data/ip'.
open_project: Time (s): cpu = 00:00:07 ; elapsed = 00:00:05 . Memory (MB): peak = 912.254 ; gain = 142.281
exit
INFO: [Common 17-206] Exiting Vivado at Thu Nov  6 15:13:10 2025...
