#-----------------------------------------------------------
# Vivado v2018.2 (64-bit)
# SW Build 2258646 on Thu Jun 14 20:03:12 MDT 2018
# IP Build 2256618 on Thu Jun 14 22:10:49 MDT 2018
# Start of session at: Thu Nov  6 14:11:25 2025
# Process ID: 11484
# Current directory: C:/Users/dorn/Desktop/working_version_ui_fixed.xpr/FDP
# Command line: vivado.exe -gui_launcher_event rodinguilauncherevent1572 C:\Users\dorn\Desktop\working_version_ui_fixed.xpr\FDP\FDP.xpr
# Log file: C:/Users/dorn/Desktop/working_version_ui_fixed.xpr/FDP/vivado.log
# Journal file: C:/Users/dorn/Desktop/working_version_ui_fixed.xpr/FDP\vivado.jou
#-----------------------------------------------------------
start_gui
open_project C:/Users/dorn/Desktop/working_version_ui_fixed.xpr/FDP/FDP.xpr
INFO: [Project 1-313] Project file moved from 'C:/Users/sarav/AppData/Roaming/Xilinx/Vivado/.Xil/Vivado-8324-Akshay/PrjAr/_X_' since last save.
Scanning sources...
Finished scanning sources
INFO: [IP_Flow 19-234] Refreshing IP repositories
INFO: [IP_Flow 19-1704] No user IP repositories specified
INFO: [IP_Flow 19-2313] Loaded Vivado IP repository 'C:/Xilinx/Vivado/2018.2/data/ip'.
open_project: Time (s): cpu = 00:00:09 ; elapsed = 00:00:06 . Memory (MB): peak = 869.945 ; gain = 120.457
reset_run synth_1
launch_runs impl_1 -to_step write_bitstream -jobs 22
[Thu Nov  6 14:12:44 2025] Launched synth_1...
Run output will be captured here: C:/Users/dorn/Desktop/working_version_ui_fixed.xpr/FDP/FDP.runs/synth_1/runme.log
[Thu Nov  6 14:12:44 2025] Launched impl_1...
Run output will be captured here: C:/Users/dorn/Desktop/working_version_ui_fixed.xpr/FDP/FDP.runs/impl_1/runme.log
reset_run impl_1
WARNING: [Vivado 12-1017] Problems encountered:
1. Failed to reset run step 

exit
INFO: [Common 17-206] Exiting Vivado at Thu Nov  6 14:24:47 2025...
