#-----------------------------------------------------------
# Vivado v2018.2 (64-bit)
# SW Build 2258646 on Thu Jun 14 20:03:12 MDT 2018
# IP Build 2256618 on Thu Jun 14 22:10:49 MDT 2018
# Start of session at: Thu Oct 23 12:21:15 2025
# Process ID: 26928
# Current directory: C:/Users/vkshe/Downloads/Telegram Desktop/included_akshay_game.xpr/FDP
# Command line: vivado.exe -gui_launcher_event rodinguilauncherevent24980 C:\Users\vkshe\Downloads\Telegram Desktop\included_akshay_game.xpr\FDP\FDP.xpr
# Log file: C:/Users/vkshe/Downloads/Telegram Desktop/included_akshay_game.xpr/FDP/vivado.log
# Journal file: C:/Users/vkshe/Downloads/Telegram Desktop/included_akshay_game.xpr/FDP\vivado.jou
#-----------------------------------------------------------
start_gui
open_project {C:/Users/vkshe/Downloads/Telegram Desktop/included_akshay_game.xpr/FDP/FDP.xpr}
Scanning sources...
Finished scanning sources
WARNING: [filemgmt 56-3] IPUserFilesDir: Could not find the directory 'C:/Users/vkshe/Downloads/Telegram Desktop/included_akshay_game.xpr/FDP/FDP.ip_user_files'.
INFO: [IP_Flow 19-234] Refreshing IP repositories
INFO: [IP_Flow 19-1704] No user IP repositories specified
INFO: [IP_Flow 19-2313] Loaded Vivado IP repository 'C:/Xilinx/Vivado/2018.2/data/ip'.
close [ open {C:/Users/vkshe/Downloads/Telegram Desktop/included_akshay_game.xpr/FDP/FDP.srcs/sources_1/new/calculator_fsm.v} w ]
add_files {{C:/Users/vkshe/Downloads/Telegram Desktop/included_akshay_game.xpr/FDP/FDP.srcs/sources_1/new/calculator_fsm.v}}
close [ open {C:/Users/vkshe/Downloads/Telegram Desktop/included_akshay_game.xpr/FDP/FDP.srcs/sources_1/new/debounce.v} w ]
add_files {{C:/Users/vkshe/Downloads/Telegram Desktop/included_akshay_game.xpr/FDP/FDP.srcs/sources_1/new/debounce.v}}
close [ open {C:/Users/vkshe/Downloads/Telegram Desktop/included_akshay_game.xpr/FDP/FDP.srcs/sources_1/new/freq_6_25m.v} w ]
add_files {{C:/Users/vkshe/Downloads/Telegram Desktop/included_akshay_game.xpr/FDP/FDP.srcs/sources_1/new/freq_6_25m.v}}
close [ open {C:/Users/vkshe/Downloads/Telegram Desktop/included_akshay_game.xpr/FDP/FDP.srcs/sources_1/new/output_screen_renderer.v} w ]
add_files {{C:/Users/vkshe/Downloads/Telegram Desktop/included_akshay_game.xpr/FDP/FDP.srcs/sources_1/new/output_screen_renderer.v}}
close [ open {C:/Users/vkshe/Downloads/Telegram Desktop/included_akshay_game.xpr/FDP/FDP.srcs/sources_1/new/add_function.v} w ]
add_files {{C:/Users/vkshe/Downloads/Telegram Desktop/included_akshay_game.xpr/FDP/FDP.srcs/sources_1/new/add_function.v}}
close [ open {C:/Users/vkshe/Downloads/Telegram Desktop/included_akshay_game.xpr/FDP/FDP.srcs/sources_1/new/dual_oled_calculator_top.v} w ]
add_files {{C:/Users/vkshe/Downloads/Telegram Desktop/included_akshay_game.xpr/FDP/FDP.srcs/sources_1/new/dual_oled_calculator_top.v}}
close [ open {C:/Users/vkshe/Downloads/Telegram Desktop/included_akshay_game.xpr/FDP/FDP.srcs/sources_1/new/multiply_function.v} w ]
add_files {{C:/Users/vkshe/Downloads/Telegram Desktop/included_akshay_game.xpr/FDP/FDP.srcs/sources_1/new/multiply_function.v}}
close [ open {C:/Users/vkshe/Downloads/Telegram Desktop/included_akshay_game.xpr/FDP/FDP.srcs/sources_1/new/subtract_function.v} w ]
add_files {{C:/Users/vkshe/Downloads/Telegram Desktop/included_akshay_game.xpr/FDP/FDP.srcs/sources_1/new/subtract_function.v}}
close [ open {C:/Users/vkshe/Downloads/Telegram Desktop/included_akshay_game.xpr/FDP/FDP.srcs/sources_1/new/divide_function.v} w ]
add_files {{C:/Users/vkshe/Downloads/Telegram Desktop/included_akshay_game.xpr/FDP/FDP.srcs/sources_1/new/divide_function.v}}
close [ open {C:/Users/vkshe/Downloads/Telegram Desktop/included_akshay_game.xpr/FDP/FDP.srcs/sources_1/new/oled_display.v} w ]
add_files {{C:/Users/vkshe/Downloads/Telegram Desktop/included_akshay_game.xpr/FDP/FDP.srcs/sources_1/new/oled_display.v}}
close [ open {C:/Users/vkshe/Downloads/Telegram Desktop/included_akshay_game.xpr/FDP/FDP.srcs/sources_1/new/input_screen_renderer.v} w ]
add_files {{C:/Users/vkshe/Downloads/Telegram Desktop/included_akshay_game.xpr/FDP/FDP.srcs/sources_1/new/input_screen_renderer.v}}
close [ open {C:/Users/vkshe/Downloads/Telegram Desktop/included_akshay_game.xpr/FDP/FDP.srcs/sources_1/new/freq_6_25m.v} w ]
add_files {{C:/Users/vkshe/Downloads/Telegram Desktop/included_akshay_game.xpr/FDP/FDP.srcs/sources_1/new/freq_6_25m.v}}
WARNING: [filemgmt 56-12] File 'C:/Users/vkshe/Downloads/Telegram Desktop/included_akshay_game.xpr/FDP/FDP.srcs/sources_1/new/freq_6_25m.v' cannot be added to the project because it already exists in the project, skipping this file
reset_run synth_1
launch_runs impl_1 -to_step write_bitstream -jobs 8
[Thu Oct 23 12:34:05 2025] Launched synth_1...
Run output will be captured here: C:/Users/vkshe/Downloads/Telegram Desktop/included_akshay_game.xpr/FDP/FDP.runs/synth_1/runme.log
[Thu Oct 23 12:34:05 2025] Launched impl_1...
Run output will be captured here: C:/Users/vkshe/Downloads/Telegram Desktop/included_akshay_game.xpr/FDP/FDP.runs/impl_1/runme.log
reset_run synth_1
launch_runs impl_1 -to_step write_bitstream -jobs 8
[Thu Oct 23 12:39:05 2025] Launched synth_1...
Run output will be captured here: C:/Users/vkshe/Downloads/Telegram Desktop/included_akshay_game.xpr/FDP/FDP.runs/synth_1/runme.log
[Thu Oct 23 12:39:05 2025] Launched impl_1...
Run output will be captured here: C:/Users/vkshe/Downloads/Telegram Desktop/included_akshay_game.xpr/FDP/FDP.runs/impl_1/runme.log
reset_run synth_1
launch_runs impl_1 -jobs 8
[Thu Oct 23 12:39:24 2025] Launched synth_1...
Run output will be captured here: C:/Users/vkshe/Downloads/Telegram Desktop/included_akshay_game.xpr/FDP/FDP.runs/synth_1/runme.log
[Thu Oct 23 12:39:24 2025] Launched impl_1...
Run output will be captured here: C:/Users/vkshe/Downloads/Telegram Desktop/included_akshay_game.xpr/FDP/FDP.runs/impl_1/runme.log
export_ip_user_files -of_objects  [get_files {{C:/Users/vkshe/Downloads/Telegram Desktop/included_akshay_game.xpr/FDP/FDP.srcs/sources_1/new/debounce.v}}] -no_script -reset -force -quiet
remove_files  {{C:/Users/vkshe/Downloads/Telegram Desktop/included_akshay_game.xpr/FDP/FDP.srcs/sources_1/new/debounce.v}}
reset_run synth_1
launch_runs impl_1 -to_step write_bitstream -jobs 8
[Thu Oct 23 12:40:45 2025] Launched synth_1...
Run output will be captured here: C:/Users/vkshe/Downloads/Telegram Desktop/included_akshay_game.xpr/FDP/FDP.runs/synth_1/runme.log
[Thu Oct 23 12:40:45 2025] Launched impl_1...
Run output will be captured here: C:/Users/vkshe/Downloads/Telegram Desktop/included_akshay_game.xpr/FDP/FDP.runs/impl_1/runme.log
export_ip_user_files -of_objects  [get_files {{C:/Users/vkshe/Downloads/Telegram Desktop/included_akshay_game.xpr/FDP/FDP.srcs/sources_1/new/freq_6_25m.v}}] -no_script -reset -force -quiet
remove_files  {{C:/Users/vkshe/Downloads/Telegram Desktop/included_akshay_game.xpr/FDP/FDP.srcs/sources_1/new/freq_6_25m.v}}
remove_files  {{C:/Users/vkshe/Downloads/Telegram Desktop/included_akshay_game.xpr/FDP/FDP.srcs/sources_1/new/freq_6_25m.v}}
WARNING: [Vivado 12-818] No files matched 'C:/Users/vkshe/Downloads/Telegram Desktop/included_akshay_game.xpr/FDP/FDP.srcs/sources_1/new/freq_6_25m.v'
reset_run synth_1
launch_runs impl_1 -to_step write_bitstream -jobs 8
[Thu Oct 23 12:46:55 2025] Launched synth_1...
Run output will be captured here: C:/Users/vkshe/Downloads/Telegram Desktop/included_akshay_game.xpr/FDP/FDP.runs/synth_1/runme.log
[Thu Oct 23 12:46:55 2025] Launched impl_1...
Run output will be captured here: C:/Users/vkshe/Downloads/Telegram Desktop/included_akshay_game.xpr/FDP/FDP.runs/impl_1/runme.log
export_ip_user_files -of_objects  [get_files {{C:/Users/vkshe/Downloads/Telegram Desktop/included_akshay_game.xpr/FDP/FDP.srcs/sources_1/imports/samue/lab_4_task_q/lab_4_task_q.srcs/sources_1/new/oled_display.v}}] -no_script -reset -force -quiet
remove_files  {{C:/Users/vkshe/Downloads/Telegram Desktop/included_akshay_game.xpr/FDP/FDP.srcs/sources_1/imports/samue/lab_4_task_q/lab_4_task_q.srcs/sources_1/new/oled_display.v}}
remove_files  {{C:/Users/vkshe/Downloads/Telegram Desktop/included_akshay_game.xpr/FDP/FDP.srcs/sources_1/imports/samue/lab_4_task_q/lab_4_task_q.srcs/sources_1/new/oled_display.v}}
WARNING: [Vivado 12-818] No files matched 'C:/Users/vkshe/Downloads/Telegram Desktop/included_akshay_game.xpr/FDP/FDP.srcs/sources_1/imports/samue/lab_4_task_q/lab_4_task_q.srcs/sources_1/new/oled_display.v'
export_ip_user_files -of_objects  [get_files {{C:/Users/vkshe/Downloads/Telegram Desktop/included_akshay_game.xpr/FDP/FDP.srcs/sources_1/new/dual_oled_calculator_top.v}}] -no_script -reset -force -quiet
remove_files  {{C:/Users/vkshe/Downloads/Telegram Desktop/included_akshay_game.xpr/FDP/FDP.srcs/sources_1/new/dual_oled_calculator_top.v}}
close [ open {C:/Users/vkshe/Downloads/Telegram Desktop/included_akshay_game.xpr/FDP/FDP.srcs/sources_1/new/dual_oled_calculator_pixel.v} w ]
add_files {{C:/Users/vkshe/Downloads/Telegram Desktop/included_akshay_game.xpr/FDP/FDP.srcs/sources_1/new/dual_oled_calculator_pixel.v}}
reset_run synth_1
launch_runs impl_1 -to_step write_bitstream -jobs 8
[Thu Oct 23 13:06:47 2025] Launched synth_1...
Run output will be captured here: C:/Users/vkshe/Downloads/Telegram Desktop/included_akshay_game.xpr/FDP/FDP.runs/synth_1/runme.log
[Thu Oct 23 13:06:47 2025] Launched impl_1...
Run output will be captured here: C:/Users/vkshe/Downloads/Telegram Desktop/included_akshay_game.xpr/FDP/FDP.runs/impl_1/runme.log
open_run synth_1 -name synth_1
Design is defaulting to impl run constrset: constrs_1
Design is defaulting to synth run part: xc7a35tcpg236-1
INFO: [Common 17-41] Interrupt caught. Command should exit soon.
INFO: [Netlist 29-17] Analyzing 4512 Unisim elements for replacement
INFO: [Netlist 29-28] Unisim Transformation completed in 0 CPU seconds
INFO: [Project 1-479] Netlist was created with Vivado 2018.2
INFO: [Common 17-344] 'open_run' was cancelled
reset_run synth_1
launch_runs impl_1 -to_step write_bitstream -jobs 8
[Thu Oct 23 13:24:24 2025] Launched synth_1...
Run output will be captured here: C:/Users/vkshe/Downloads/Telegram Desktop/included_akshay_game.xpr/FDP/FDP.runs/synth_1/runme.log
[Thu Oct 23 13:24:24 2025] Launched impl_1...
Run output will be captured here: C:/Users/vkshe/Downloads/Telegram Desktop/included_akshay_game.xpr/FDP/FDP.runs/impl_1/runme.log
open_hw
connect_hw_server
INFO: [Labtools 27-2285] Connecting to hw_server url TCP:localhost:3121
INFO: [Labtools 27-2222] Launching hw_server...
INFO: [Labtools 27-2221] Launch Output:

****** Xilinx hw_server v2018.2
  **** Build date : Jun 14 2018-20:42:52
    ** Copyright 1986-2018 Xilinx, Inc. All Rights Reserved.


open_hw_target
INFO: [Labtoolstcl 44-466] Opening hw_target localhost:3121/xilinx_tcf/Digilent/210183BB40EAA
set_property PROGRAM.FILE {C:/Users/vkshe/Downloads/Telegram Desktop/included_akshay_game.xpr/FDP/FDP.runs/impl_1/project_top.bit} [get_hw_devices xc7a35t_0]
current_hw_device [get_hw_devices xc7a35t_0]
refresh_hw_device -update_hw_probes false [lindex [get_hw_devices xc7a35t_0] 0]
INFO: [Labtools 27-1434] Device xc7a35t (JTAG device index = 0) is programmed with a design that has no supported debug core(s) in it.
WARNING: [Labtools 27-3361] The debug hub core was not detected.
Resolution: 
1. Make sure the clock connected to the debug hub (dbg_hub) core is a free running clock and is active.
2. Make sure the BSCAN_SWITCH_USER_MASK device property in Vivado Hardware Manager reflects the user scan chain setting in the design and refresh the device.  To determine the user scan chain setting in the design, open the implemented design and use 'get_property C_USER_SCAN_CHAIN [get_debug_cores dbg_hub]'.
For more details on setting the scan chain property, consult the Vivado Debug and Programming User Guide (UG908).
set_property PROBES.FILE {} [get_hw_devices xc7a35t_0]
set_property FULL_PROBES.FILE {} [get_hw_devices xc7a35t_0]
set_property PROGRAM.FILE {C:/Users/vkshe/Downloads/Telegram Desktop/included_akshay_game.xpr/FDP/FDP.runs/impl_1/project_top.bit} [get_hw_devices xc7a35t_0]
program_hw_devices [get_hw_devices xc7a35t_0]
INFO: [Labtools 27-3164] End of startup status: HIGH
refresh_hw_device [lindex [get_hw_devices xc7a35t_0] 0]
INFO: [Labtools 27-1434] Device xc7a35t (JTAG device index = 0) is programmed with a design that has no supported debug core(s) in it.
WARNING: [Labtools 27-3361] The debug hub core was not detected.
Resolution: 
1. Make sure the clock connected to the debug hub (dbg_hub) core is a free running clock and is active.
2. Make sure the BSCAN_SWITCH_USER_MASK device property in Vivado Hardware Manager reflects the user scan chain setting in the design and refresh the device.  To determine the user scan chain setting in the design, open the implemented design and use 'get_property C_USER_SCAN_CHAIN [get_debug_cores dbg_hub]'.
For more details on setting the scan chain property, consult the Vivado Debug and Programming User Guide (UG908).
ERROR: [Labtoolstcl 44-513] HW Target shutdown. Closing target: localhost:3121/xilinx_tcf/Digilent/210183BB40EAA
INFO: [Labtoolstcl 44-466] Opening hw_target localhost:3121/xilinx_tcf/Digilent/210183BB40EAA
INFO: [Labtools 27-1434] Device xc7a35t (JTAG device index = 0) is programmed with a design that has no supported debug core(s) in it.
WARNING: [Labtools 27-3361] The debug hub core was not detected.
Resolution: 
1. Make sure the clock connected to the debug hub (dbg_hub) core is a free running clock and is active.
2. Make sure the BSCAN_SWITCH_USER_MASK device property in Vivado Hardware Manager reflects the user scan chain setting in the design and refresh the device.  To determine the user scan chain setting in the design, open the implemented design and use 'get_property C_USER_SCAN_CHAIN [get_debug_cores dbg_hub]'.
For more details on setting the scan chain property, consult the Vivado Debug and Programming User Guide (UG908).
set_property PROBES.FILE {} [get_hw_devices xc7a35t_0]
set_property FULL_PROBES.FILE {} [get_hw_devices xc7a35t_0]
set_property PROGRAM.FILE {C:/Users/vkshe/Downloads/Telegram Desktop/included_akshay_game.xpr/FDP/FDP.runs/impl_1/project_top.bit} [get_hw_devices xc7a35t_0]
program_hw_devices [get_hw_devices xc7a35t_0]
INFO: [Labtools 27-3164] End of startup status: HIGH
refresh_hw_device [lindex [get_hw_devices xc7a35t_0] 0]
INFO: [Labtools 27-1434] Device xc7a35t (JTAG device index = 0) is programmed with a design that has no supported debug core(s) in it.
WARNING: [Labtools 27-3361] The debug hub core was not detected.
Resolution: 
1. Make sure the clock connected to the debug hub (dbg_hub) core is a free running clock and is active.
2. Make sure the BSCAN_SWITCH_USER_MASK device property in Vivado Hardware Manager reflects the user scan chain setting in the design and refresh the device.  To determine the user scan chain setting in the design, open the implemented design and use 'get_property C_USER_SCAN_CHAIN [get_debug_cores dbg_hub]'.
For more details on setting the scan chain property, consult the Vivado Debug and Programming User Guide (UG908).
exit
INFO: [Common 17-206] Exiting Vivado at Thu Oct 23 14:43:50 2025...
