Copyright 1986-2018 Xilinx, Inc. All Rights Reserved.
-------------------------------------------------------------------------------------------------------------------------------------------------------
| Tool Version     : Vivado v.2018.2 (win64) Build 2258646 Thu Jun 14 20:03:12 MDT 2018
| Date             : Thu Nov  6 16:17:08 2025
| Host             : dorn_laptop running 64-bit major release  (build 9200)
| Command          : report_power -file project_top_power_routed.rpt -pb project_top_power_summary_routed.pb -rpx project_top_power_routed.rpx
| Design           : project_top
| Device           : xc7a35tcpg236-1
| Design State     : routed
| Grade            : commercial
| Process          : typical
| Characterization : Production
-------------------------------------------------------------------------------------------------------------------------------------------------------

Power Report

Table of Contents
-----------------
1. Summary
1.1 On-Chip Components
1.2 Power Supply Summary
1.3 Confidence Level
2. Settings
2.1 Environment
2.2 Clock Constraints
3. Detailed Reports
3.1 By Hierarchy

1. Summary
----------

+--------------------------+--------------+
| Total On-Chip Power (W)  | 0.659        |
| Design Power Budget (W)  | Unspecified* |
| Power Budget Margin (W)  | NA           |
| Dynamic (W)              | 0.585        |
| Device Static (W)        | 0.073        |
| Effective TJA (C/W)      | 5.0          |
| Max Ambient (C)          | 81.7         |
| Junction Temperature (C) | 28.3         |
| Confidence Level         | Low          |
| Setting File             | ---          |
| Simulation Activity File | ---          |
| Design Nets Matched      | NA           |
+--------------------------+--------------+
* Specify Design Power Budget using, set_operating_conditions -design_power_budget <value in Watts>


1.1 On-Chip Components
----------------------

+----------------+-----------+----------+-----------+-----------------+
| On-Chip        | Power (W) | Used     | Available | Utilization (%) |
+----------------+-----------+----------+-----------+-----------------+
| Clocks         |     0.009 |        3 |       --- |             --- |
| Slice Logic    |     0.236 |    29390 |       --- |             --- |
|   LUT as Logic |     0.219 |    20402 |     20800 |           98.09 |
|   CARRY4       |     0.017 |     3438 |      8150 |           42.18 |
|   F7/F8 Muxes  |    <0.001 |      287 |     32600 |            0.88 |
|   Register     |    <0.001 |     1131 |     41600 |            2.72 |
|   BUFG         |    <0.001 |        1 |        32 |            3.13 |
|   Others       |     0.000 |       70 |       --- |             --- |
| Signals        |     0.253 |    23871 |       --- |             --- |
| Block RAM      |    <0.001 |        1 |        50 |            2.00 |
| DSPs           |     0.061 |       62 |        90 |           68.89 |
| I/O            |     0.025 |       55 |       106 |           51.89 |
| Static Power   |     0.073 |          |           |                 |
| Total          |     0.659 |          |           |                 |
+----------------+-----------+----------+-----------+-----------------+


1.2 Power Supply Summary
------------------------

+-----------+-------------+-----------+-------------+------------+
| Source    | Voltage (V) | Total (A) | Dynamic (A) | Static (A) |
+-----------+-------------+-----------+-------------+------------+
| Vccint    |       1.000 |     0.571 |       0.560 |      0.011 |
| Vccaux    |       1.800 |     0.014 |       0.001 |      0.013 |
| Vcco33    |       3.300 |     0.008 |       0.007 |      0.001 |
| Vcco25    |       2.500 |     0.000 |       0.000 |      0.000 |
| Vcco18    |       1.800 |     0.000 |       0.000 |      0.000 |
| Vcco15    |       1.500 |     0.000 |       0.000 |      0.000 |
| Vcco135   |       1.350 |     0.000 |       0.000 |      0.000 |
| Vcco12    |       1.200 |     0.000 |       0.000 |      0.000 |
| Vccaux_io |       1.800 |     0.000 |       0.000 |      0.000 |
| Vccbram   |       1.000 |     0.000 |       0.000 |      0.000 |
| MGTAVcc   |       1.000 |     0.000 |       0.000 |      0.000 |
| MGTAVtt   |       1.200 |     0.000 |       0.000 |      0.000 |
| Vccadc    |       1.800 |     0.020 |       0.000 |      0.020 |
+-----------+-------------+-----------+-------------+------------+


1.3 Confidence Level
--------------------

+-----------------------------+------------+--------------------------------------------------------+--------------------------------------------------------------------------------------------------------------------+
| User Input Data             | Confidence | Details                                                | Action                                                                                                             |
+-----------------------------+------------+--------------------------------------------------------+--------------------------------------------------------------------------------------------------------------------+
| Design implementation state | High       | Design is routed                                       |                                                                                                                    |
| Clock nodes activity        | Low        | User specified less than 75% of clocks                 | Provide missing clock activity with a constraint file, simulation results or by editing the "By Clock Domain" view |
| I/O nodes activity          | Low        | More than 75% of inputs are missing user specification | Provide missing input activity with simulation results or by editing the "By Resource Type -> I/Os" view           |
| Internal nodes activity     | Medium     | User specified less than 25% of internal nodes         | Provide missing internal nodes activity with simulation results or by editing the "By Resource Type" views         |
| Device models               | High       | Device models are Production                           |                                                                                                                    |
|                             |            |                                                        |                                                                                                                    |
| Overall confidence level    | Low        |                                                        |                                                                                                                    |
+-----------------------------+------------+--------------------------------------------------------+--------------------------------------------------------------------------------------------------------------------+


2. Settings
-----------

2.1 Environment
---------------

+-----------------------+--------------------------+
| Ambient Temp (C)      | 25.0                     |
| ThetaJA (C/W)         | 5.0                      |
| Airflow (LFM)         | 250                      |
| Heat Sink             | medium (Medium Profile)  |
| ThetaSA (C/W)         | 4.6                      |
| Board Selection       | medium (10"x10")         |
| # of Board Layers     | 12to15 (12 to 15 Layers) |
| Board Temperature (C) | 25.0                     |
+-----------------------+--------------------------+


2.2 Clock Constraints
---------------------

+-------------+--------+-----------------+
| Clock       | Domain | Constraint (ns) |
+-------------+--------+-----------------+
| sys_clk_pin | clk    |            10.0 |
+-------------+--------+-----------------+


3. Detailed Reports
-------------------

3.1 By Hierarchy
----------------

+----------------------------------------+-----------+
| Name                                   | Power (W) |
+----------------------------------------+-----------+
| project_top                            |     0.585 |
|   b0                                   |     0.003 |
|     d0                                 |    <0.001 |
|     d1                                 |    <0.001 |
|     d2                                 |    <0.001 |
|     d3                                 |    <0.001 |
|     d4                                 |    <0.001 |
|   c0                                   |    <0.001 |
|   c1                                   |    <0.001 |
|   ctr0                                 |    <0.001 |
|   f0                                   |     0.004 |
|     text_render                        |    <0.001 |
|       font                             |    <0.001 |
|   f1                                   |     0.318 |
|     confirmation_screen_inst           |     0.004 |
|     equation_display_graphing_inst     |     0.012 |
|     equation_display_inst              |     0.005 |
|     equation_input_inst                |     0.072 |
|     graph_display                      |     0.190 |
|     keypad_inst                        |    <0.001 |
|     keypad_screen_inst                 |     0.004 |
|     menu_logic_inst                    |     0.023 |
|     pixel_output_generator_inst        |    <0.001 |
|     pixel_output_state_graph_menu_inst |     0.006 |
|     ti85_display_inst                  |    <0.001 |
|   f2                                   |     0.008 |
|     clk_anode_gen                      |    <0.001 |
|     display                            |    <0.001 |
|     game_logic                         |     0.006 |
|   f_calc                               |     0.013 |
|     fsm                                |     0.013 |
|       adder                            |    <0.001 |
|       divider                          |     0.005 |
|       multer                           |     0.002 |
|       subber                           |    <0.001 |
|   g0                                   |     0.052 |
|   g1                                   |     0.053 |
+----------------------------------------+-----------+


