Copyright 1986-2018 Xilinx, Inc. All Rights Reserved.
----------------------------------------------------------------------------------------
| Tool Version : Vivado v.2018.2 (win64) Build 2258646 Thu Jun 14 20:03:12 MDT 2018
| Date         : Mon Oct 13 17:10:27 2025
| Host         : Akshay running 64-bit major release  (build 9200)
| Command      : report_control_sets -verbose -file Top_Student_control_sets_placed.rpt
| Design       : Top_Student
| Device       : xc7a35t
----------------------------------------------------------------------------------------

Control Set Information

Table of Contents
-----------------
1. Summary
2. Histogram
3. Flip-Flop Distribution
4. Detailed Control Set Information

1. Summary
----------

+----------------------------------------------------------+-------+
|                          Status                          | Count |
+----------------------------------------------------------+-------+
| Number of unique control sets                            |    24 |
| Unused register locations in slices containing registers |    50 |
+----------------------------------------------------------+-------+


2. Histogram
------------

+--------+--------------+
| Fanout | Control Sets |
+--------+--------------+
|      2 |            1 |
|      8 |            3 |
|    16+ |           20 |
+--------+--------------+


3. Flip-Flop Distribution
-------------------------

+--------------+-----------------------+------------------------+-----------------+--------------+
| Clock Enable | Synchronous Set/Reset | Asynchronous Set/Reset | Total Registers | Total Slices |
+--------------+-----------------------+------------------------+-----------------+--------------+
| No           | No                    | No                     |              44 |           12 |
| No           | No                    | Yes                    |               0 |            0 |
| No           | Yes                   | No                     |             340 |           52 |
| Yes          | No                    | No                     |               0 |            0 |
| Yes          | No                    | Yes                    |               0 |            0 |
| Yes          | Yes                   | No                     |             286 |           56 |
+--------------+-----------------------+------------------------+-----------------+--------------+


4. Detailed Control Set Information
-----------------------------------

+-----------------+--------------------------------------+----------------------------------+------------------+----------------+
|   Clock Signal  |             Enable Signal            |         Set/Reset Signal         | Slice Load Count | Bel Load Count |
+-----------------+--------------------------------------+----------------------------------+------------------+----------------+
| ~clk_6p25M_BUFG |                                      |                                  |                1 |              2 |
|  clk_IBUF_BUFG  | game_logic/score[3]_i_1_n_0          | deb_U/btn_up                     |                1 |              8 |
|  clk_IBUF_BUFG  | game_logic/mistakes[3]_i_1_n_0       | deb_U/btn_up                     |                2 |              8 |
|  clk_IBUF_BUFG  | game_logic/question_num[3]_i_1_n_0   | deb_U/btn_up                     |                3 |              8 |
|  clk_IBUF_BUFG  |                                      | deb_U/btn_up                     |                3 |             16 |
|  clk_IBUF_BUFG  | deb_C/debounce_counter[7]_i_2_n_0    | deb_C/debounce_counter           |                2 |             16 |
|  clk_IBUF_BUFG  | deb_C/pulse_counter                  | deb_C/debounce_counter           |                3 |             16 |
|  clk_IBUF_BUFG  | deb_L/pulse_counter                  | deb_L/debounce_counter           |                2 |             16 |
|  clk_IBUF_BUFG  | deb_L/debounce_counter[7]_i_2__0_n_0 | deb_L/debounce_counter           |                4 |             16 |
|  clk_IBUF_BUFG  | deb_R/debounce_counter[7]_i_2__1_n_0 | deb_R/debounce_counter           |                2 |             16 |
|  clk_IBUF_BUFG  | deb_R/pulse_counter                  | deb_R/debounce_counter           |                2 |             16 |
|  clk_IBUF_BUFG  | deb_U/pulse_counter                  | deb_U/debounce_counter           |                3 |             16 |
|  clk_IBUF_BUFG  | deb_U/debounce_counter[7]_i_2__2_n_0 | deb_U/debounce_counter           |                3 |             16 |
|  clk_IBUF_BUFG  | game_logic/operand1[5]_i_1_n_0       | deb_U/btn_up                     |               13 |             30 |
| ~clk_6p25M_BUFG |                                      | deb_U/btn_up                     |                5 |             34 |
|  clk_IBUF_BUFG  |                                      | deb_C/tick_1ms_i_1_n_0           |                5 |             34 |
|  clk_IBUF_BUFG  |                                      | deb_L/tick_1ms_i_1__0_n_0        |                5 |             34 |
|  clk_IBUF_BUFG  |                                      | deb_R/tick_1ms_i_1__1_n_0        |                5 |             34 |
|  clk_IBUF_BUFG  |                                      | deb_U/tick_1ms_i_1__2_n_0        |                5 |             34 |
| ~clk_6p25M_BUFG | oled_driver/delay[0]_i_1_n_0         | deb_U/btn_up                     |                5 |             40 |
|  clk_IBUF_BUFG  |                                      |                                  |               11 |             42 |
| ~clk_6p25M_BUFG | oled_driver/state                    | deb_U/btn_up                     |               11 |             64 |
|  clk_IBUF_BUFG  |                                      | clk_6p25M_gen/clear              |                8 |             64 |
| ~clk_6p25M_BUFG |                                      | oled_driver/spi_word[39]_i_1_n_0 |               16 |             90 |
+-----------------+--------------------------------------+----------------------------------+------------------+----------------+


